<?xml version="1.0" encoding="UTF-8" standalone="yes"?><!DOCTYPE report PUBLIC "-//JACOCO//DTD Report 1.1//EN" "report.dtd"><report name="Utilities"><sessioninfo id="runnervmrw5os-d342460" start="1779198274831" dump="1779198277380"/><group name="utils-annotations"><package name="de/larssh/utils/annotations"><class name="de/larssh/utils/annotations/PackagePrivate" sourcefilename="PackagePrivate.java"/><class name="de/larssh/utils/annotations/NonNullByDefault" sourcefilename="NonNullByDefault.java"/><class name="de/larssh/utils/annotations/SuppressJacocoGenerated" sourcefilename="SuppressJacocoGenerated.java"/><sourcefile name="PackagePrivate.java"/><sourcefile name="NonNullByDefault.java"/><sourcefile name="SuppressJacocoGenerated.java"/></package></group></report>