<?xml version="1.0" encoding="UTF-8" standalone="yes"?><!DOCTYPE report PUBLIC "-//JACOCO//DTD Report 1.1//EN" "report.dtd"><report name="Utilities"><sessioninfo id="pkrvmq0rgcvqdmg-ccd7bef6" start="1752824388056" dump="1752824390705"/><group name="utils-annotations"><package name="de/larssh/utils/annotations"><class name="de/larssh/utils/annotations/PackagePrivate" sourcefilename="PackagePrivate.java"/><class name="de/larssh/utils/annotations/NonNullByDefault" sourcefilename="NonNullByDefault.java"/><class name="de/larssh/utils/annotations/SuppressJacocoGenerated" sourcefilename="SuppressJacocoGenerated.java"/><sourcefile name="PackagePrivate.java"/><sourcefile name="NonNullByDefault.java"/><sourcefile name="SuppressJacocoGenerated.java"/></package></group></report>